0 info it worked if it ends with ok
1 verbose cli [ 'C:\\Program Files\\nodejs\\node.exe',
1 verbose cli   'C:\\Program Files\\nodejs\\node_modules\\npm\\bin\\npm-cli.js',
1 verbose cli   'install',
1 verbose cli   'hubot',
1 verbose cli   'hubot-scripts',
1 verbose cli   'hubot-diagnostics',
1 verbose cli   'hubot-help',
1 verbose cli   'hubot-heroku-keepalive',
1 verbose cli   'hubot-google-images',
1 verbose cli   'hubot-google-translate',
1 verbose cli   'hubot-pugme',
1 verbose cli   'hubot-maps',
1 verbose cli   'hubot-redis-brain',
1 verbose cli   'hubot-rules',
1 verbose cli   'hubot-shipit',
1 verbose cli   'hubot-irc',
1 verbose cli   '--save' ]
2 info using npm@4.1.2
3 info using node@v7.7.4
4 silly loadCurrentTree Starting
5 silly install loadCurrentTree
6 silly install readLocalPackageData
7 silly fetchPackageMetaData hubot
8 silly fetchPackageMetaData hubot-scripts
9 silly fetchPackageMetaData hubot-diagnostics
10 silly fetchPackageMetaData hubot-help
11 silly fetchPackageMetaData hubot-heroku-keepalive
12 silly fetchPackageMetaData hubot-google-images
13 silly fetchPackageMetaData hubot-google-translate
14 silly fetchPackageMetaData hubot-pugme
15 silly fetchPackageMetaData hubot-maps
16 silly fetchPackageMetaData hubot-redis-brain
17 silly fetchPackageMetaData hubot-rules
18 silly fetchPackageMetaData hubot-shipit
19 silly fetchPackageMetaData hubot-irc
20 silly fetchNamedPackageData hubot
21 silly mapToRegistry name hubot
22 silly mapToRegistry using default registry
23 silly mapToRegistry registry https://registry.npmjs.org/
24 silly mapToRegistry data Result {
24 silly mapToRegistry   raw: 'hubot',
24 silly mapToRegistry   scope: null,
24 silly mapToRegistry   escapedName: 'hubot',
24 silly mapToRegistry   name: 'hubot',
24 silly mapToRegistry   rawSpec: '',
24 silly mapToRegistry   spec: 'latest',
24 silly mapToRegistry   type: 'tag' }
25 silly mapToRegistry uri https://registry.npmjs.org/hubot
26 silly fetchNamedPackageData hubot-scripts
27 silly mapToRegistry name hubot-scripts
28 silly mapToRegistry using default registry
29 silly mapToRegistry registry https://registry.npmjs.org/
30 silly mapToRegistry data Result {
30 silly mapToRegistry   raw: 'hubot-scripts',
30 silly mapToRegistry   scope: null,
30 silly mapToRegistry   escapedName: 'hubot-scripts',
30 silly mapToRegistry   name: 'hubot-scripts',
30 silly mapToRegistry   rawSpec: '',
30 silly mapToRegistry   spec: 'latest',
30 silly mapToRegistry   type: 'tag' }
31 silly mapToRegistry uri https://registry.npmjs.org/hubot-scripts
32 silly fetchNamedPackageData hubot-diagnostics
33 silly mapToRegistry name hubot-diagnostics
34 silly mapToRegistry using default registry
35 silly mapToRegistry registry https://registry.npmjs.org/
36 silly mapToRegistry data Result {
36 silly mapToRegistry   raw: 'hubot-diagnostics',
36 silly mapToRegistry   scope: null,
36 silly mapToRegistry   escapedName: 'hubot-diagnostics',
36 silly mapToRegistry   name: 'hubot-diagnostics',
36 silly mapToRegistry   rawSpec: '',
36 silly mapToRegistry   spec: 'latest',
36 silly mapToRegistry   type: 'tag' }
37 silly mapToRegistry uri https://registry.npmjs.org/hubot-diagnostics
38 silly fetchNamedPackageData hubot-help
39 silly mapToRegistry name hubot-help
40 silly mapToRegistry using default registry
41 silly mapToRegistry registry https://registry.npmjs.org/
42 silly mapToRegistry data Result {
42 silly mapToRegistry   raw: 'hubot-help',
42 silly mapToRegistry   scope: null,
42 silly mapToRegistry   escapedName: 'hubot-help',
42 silly mapToRegistry   name: 'hubot-help',
42 silly mapToRegistry   rawSpec: '',
42 silly mapToRegistry   spec: 'latest',
42 silly mapToRegistry   type: 'tag' }
43 silly mapToRegistry uri https://registry.npmjs.org/hubot-help
44 silly fetchNamedPackageData hubot-heroku-keepalive
45 silly mapToRegistry name hubot-heroku-keepalive
46 silly mapToRegistry using default registry
47 silly mapToRegistry registry https://registry.npmjs.org/
48 silly mapToRegistry data Result {
48 silly mapToRegistry   raw: 'hubot-heroku-keepalive',
48 silly mapToRegistry   scope: null,
48 silly mapToRegistry   escapedName: 'hubot-heroku-keepalive',
48 silly mapToRegistry   name: 'hubot-heroku-keepalive',
48 silly mapToRegistry   rawSpec: '',
48 silly mapToRegistry   spec: 'latest',
48 silly mapToRegistry   type: 'tag' }
49 silly mapToRegistry uri https://registry.npmjs.org/hubot-heroku-keepalive
50 silly fetchNamedPackageData hubot-google-images
51 silly mapToRegistry name hubot-google-images
52 silly mapToRegistry using default registry
53 silly mapToRegistry registry https://registry.npmjs.org/
54 silly mapToRegistry data Result {
54 silly mapToRegistry   raw: 'hubot-google-images',
54 silly mapToRegistry   scope: null,
54 silly mapToRegistry   escapedName: 'hubot-google-images',
54 silly mapToRegistry   name: 'hubot-google-images',
54 silly mapToRegistry   rawSpec: '',
54 silly mapToRegistry   spec: 'latest',
54 silly mapToRegistry   type: 'tag' }
55 silly mapToRegistry uri https://registry.npmjs.org/hubot-google-images
56 silly fetchNamedPackageData hubot-google-translate
57 silly mapToRegistry name hubot-google-translate
58 silly mapToRegistry using default registry
59 silly mapToRegistry registry https://registry.npmjs.org/
60 silly mapToRegistry data Result {
60 silly mapToRegistry   raw: 'hubot-google-translate',
60 silly mapToRegistry   scope: null,
60 silly mapToRegistry   escapedName: 'hubot-google-translate',
60 silly mapToRegistry   name: 'hubot-google-translate',
60 silly mapToRegistry   rawSpec: '',
60 silly mapToRegistry   spec: 'latest',
60 silly mapToRegistry   type: 'tag' }
61 silly mapToRegistry uri https://registry.npmjs.org/hubot-google-translate
62 silly fetchNamedPackageData hubot-pugme
63 silly mapToRegistry name hubot-pugme
64 silly mapToRegistry using default registry
65 silly mapToRegistry registry https://registry.npmjs.org/
66 silly mapToRegistry data Result {
66 silly mapToRegistry   raw: 'hubot-pugme',
66 silly mapToRegistry   scope: null,
66 silly mapToRegistry   escapedName: 'hubot-pugme',
66 silly mapToRegistry   name: 'hubot-pugme',
66 silly mapToRegistry   rawSpec: '',
66 silly mapToRegistry   spec: 'latest',
66 silly mapToRegistry   type: 'tag' }
67 silly mapToRegistry uri https://registry.npmjs.org/hubot-pugme
68 silly fetchNamedPackageData hubot-maps
69 silly mapToRegistry name hubot-maps
70 silly mapToRegistry using default registry
71 silly mapToRegistry registry https://registry.npmjs.org/
72 silly mapToRegistry data Result {
72 silly mapToRegistry   raw: 'hubot-maps',
72 silly mapToRegistry   scope: null,
72 silly mapToRegistry   escapedName: 'hubot-maps',
72 silly mapToRegistry   name: 'hubot-maps',
72 silly mapToRegistry   rawSpec: '',
72 silly mapToRegistry   spec: 'latest',
72 silly mapToRegistry   type: 'tag' }
73 silly mapToRegistry uri https://registry.npmjs.org/hubot-maps
74 silly fetchNamedPackageData hubot-redis-brain
75 silly mapToRegistry name hubot-redis-brain
76 silly mapToRegistry using default registry
77 silly mapToRegistry registry https://registry.npmjs.org/
78 silly mapToRegistry data Result {
78 silly mapToRegistry   raw: 'hubot-redis-brain',
78 silly mapToRegistry   scope: null,
78 silly mapToRegistry   escapedName: 'hubot-redis-brain',
78 silly mapToRegistry   name: 'hubot-redis-brain',
78 silly mapToRegistry   rawSpec: '',
78 silly mapToRegistry   spec: 'latest',
78 silly mapToRegistry   type: 'tag' }
79 silly mapToRegistry uri https://registry.npmjs.org/hubot-redis-brain
80 silly fetchNamedPackageData hubot-rules
81 silly mapToRegistry name hubot-rules
82 silly mapToRegistry using default registry
83 silly mapToRegistry registry https://registry.npmjs.org/
84 silly mapToRegistry data Result {
84 silly mapToRegistry   raw: 'hubot-rules',
84 silly mapToRegistry   scope: null,
84 silly mapToRegistry   escapedName: 'hubot-rules',
84 silly mapToRegistry   name: 'hubot-rules',
84 silly mapToRegistry   rawSpec: '',
84 silly mapToRegistry   spec: 'latest',
84 silly mapToRegistry   type: 'tag' }
85 silly mapToRegistry uri https://registry.npmjs.org/hubot-rules
86 silly fetchNamedPackageData hubot-shipit
87 silly mapToRegistry name hubot-shipit
88 silly mapToRegistry using default registry
89 silly mapToRegistry registry https://registry.npmjs.org/
90 silly mapToRegistry data Result {
90 silly mapToRegistry   raw: 'hubot-shipit',
90 silly mapToRegistry   scope: null,
90 silly mapToRegistry   escapedName: 'hubot-shipit',
90 silly mapToRegistry   name: 'hubot-shipit',
90 silly mapToRegistry   rawSpec: '',
90 silly mapToRegistry   spec: 'latest',
90 silly mapToRegistry   type: 'tag' }
91 silly mapToRegistry uri https://registry.npmjs.org/hubot-shipit
92 silly fetchNamedPackageData hubot-irc
93 silly mapToRegistry name hubot-irc
94 silly mapToRegistry using default registry
95 silly mapToRegistry registry https://registry.npmjs.org/
96 silly mapToRegistry data Result {
96 silly mapToRegistry   raw: 'hubot-irc',
96 silly mapToRegistry   scope: null,
96 silly mapToRegistry   escapedName: 'hubot-irc',
96 silly mapToRegistry   name: 'hubot-irc',
96 silly mapToRegistry   rawSpec: '',
96 silly mapToRegistry   spec: 'latest',
96 silly mapToRegistry   type: 'tag' }
97 silly mapToRegistry uri https://registry.npmjs.org/hubot-irc
98 verbose request uri https://registry.npmjs.org/hubot
99 verbose request no auth needed
100 info attempt registry request try #1 at 21:53:10
101 verbose request id 197e135c03a81b7a
102 http request GET https://registry.npmjs.org/hubot
103 verbose request uri https://registry.npmjs.org/hubot-scripts
104 verbose request no auth needed
105 info attempt registry request try #1 at 21:53:10
106 http request GET https://registry.npmjs.org/hubot-scripts
107 verbose request uri https://registry.npmjs.org/hubot-diagnostics
108 verbose request no auth needed
109 info attempt registry request try #1 at 21:53:10
110 http request GET https://registry.npmjs.org/hubot-diagnostics
111 verbose request uri https://registry.npmjs.org/hubot-help
112 verbose request no auth needed
113 info attempt registry request try #1 at 21:53:10
114 http request GET https://registry.npmjs.org/hubot-help
115 verbose request uri https://registry.npmjs.org/hubot-heroku-keepalive
116 verbose request no auth needed
117 info attempt registry request try #1 at 21:53:10
118 http request GET https://registry.npmjs.org/hubot-heroku-keepalive
119 verbose request uri https://registry.npmjs.org/hubot-google-images
120 verbose request no auth needed
121 info attempt registry request try #1 at 21:53:10
122 http request GET https://registry.npmjs.org/hubot-google-images
123 verbose request uri https://registry.npmjs.org/hubot-google-translate
124 verbose request no auth needed
125 info attempt registry request try #1 at 21:53:10
126 http request GET https://registry.npmjs.org/hubot-google-translate
127 verbose request uri https://registry.npmjs.org/hubot-pugme
128 verbose request no auth needed
129 info attempt registry request try #1 at 21:53:10
130 http request GET https://registry.npmjs.org/hubot-pugme
131 verbose request uri https://registry.npmjs.org/hubot-maps
132 verbose request no auth needed
133 info attempt registry request try #1 at 21:53:10
134 http request GET https://registry.npmjs.org/hubot-maps
135 verbose request uri https://registry.npmjs.org/hubot-redis-brain
136 verbose request no auth needed
137 info attempt registry request try #1 at 21:53:10
138 http request GET https://registry.npmjs.org/hubot-redis-brain
139 verbose request uri https://registry.npmjs.org/hubot-rules
140 verbose request no auth needed
141 info attempt registry request try #1 at 21:53:10
142 http request GET https://registry.npmjs.org/hubot-rules
143 verbose request uri https://registry.npmjs.org/hubot-shipit
144 verbose request no auth needed
145 info attempt registry request try #1 at 21:53:10
146 http request GET https://registry.npmjs.org/hubot-shipit
147 verbose request uri https://registry.npmjs.org/hubot-irc
148 verbose request no auth needed
149 info attempt registry request try #1 at 21:53:10
150 http request GET https://registry.npmjs.org/hubot-irc
151 http 200 https://registry.npmjs.org/hubot-heroku-keepalive
152 verbose headers { server: 'nginx/1.10.1',
152 verbose headers   'content-type': 'application/json',
152 verbose headers   'last-modified': 'Sat, 09 Jan 2016 08:00:31 GMT',
152 verbose headers   etag: 'W/"5690be1f-38df"',
152 verbose headers   'content-encoding': 'gzip',
152 verbose headers   'cache-control': 'max-age=300',
152 verbose headers   'content-length': '3104',
152 verbose headers   'accept-ranges': 'bytes',
152 verbose headers   date: 'Mon, 27 Mar 2017 20:53:12 GMT',
152 verbose headers   via: '1.1 varnish',
152 verbose headers   age: '0',
152 verbose headers   connection: 'keep-alive',
152 verbose headers   'x-served-by': 'cache-lhr6320-LHR',
152 verbose headers   'x-cache': 'MISS',
152 verbose headers   'x-cache-hits': '0',
152 verbose headers   'x-timer': 'S1490647992.420341,VS0,VE17',
152 verbose headers   vary: 'Accept-Encoding' }
153 silly get cb [ 200,
153 silly get   { server: 'nginx/1.10.1',
153 silly get     'content-type': 'application/json',
153 silly get     'last-modified': 'Sat, 09 Jan 2016 08:00:31 GMT',
153 silly get     etag: 'W/"5690be1f-38df"',
153 silly get     'content-encoding': 'gzip',
153 silly get     'cache-control': 'max-age=300',
153 silly get     'content-length': '3104',
153 silly get     'accept-ranges': 'bytes',
153 silly get     date: 'Mon, 27 Mar 2017 20:53:12 GMT',
153 silly get     via: '1.1 varnish',
153 silly get     age: '0',
153 silly get     connection: 'keep-alive',
153 silly get     'x-served-by': 'cache-lhr6320-LHR',
153 silly get     'x-cache': 'MISS',
153 silly get     'x-cache-hits': '0',
153 silly get     'x-timer': 'S1490647992.420341,VS0,VE17',
153 silly get     vary: 'Accept-Encoding' } ]
154 verbose get saving hubot-heroku-keepalive to C:\Users\ads\AppData\Roaming\npm-cache\registry.npmjs.org\hubot-heroku-keepalive\.cache.json
155 verbose correctMkdir C:\Users\ads\AppData\Roaming\npm-cache correctMkdir not in flight; initializing
156 http 200 https://registry.npmjs.org/hubot-redis-brain
157 verbose headers { server: 'nginx/1.10.1',
157 verbose headers   'content-type': 'application/json',
157 verbose headers   'last-modified': 'Sat, 06 Jun 2015 01:36:41 GMT',
157 verbose headers   etag: 'W/"55724ea9-15a2"',
157 verbose headers   'content-encoding': 'gzip',
157 verbose headers   'cache-control': 'max-age=300',
157 verbose headers   'content-length': '1816',
157 verbose headers   'accept-ranges': 'bytes',
157 verbose headers   date: 'Mon, 27 Mar 2017 20:53:12 GMT',
157 verbose headers   via: '1.1 varnish',
157 verbose headers   age: '0',
157 verbose headers   connection: 'keep-alive',
157 verbose headers   'x-served-by': 'cache-lcy1122-LCY',
157 verbose headers   'x-cache': 'MISS',
157 verbose headers   'x-cache-hits': '0',
157 verbose headers   'x-timer': 'S1490647992.420612,VS0,VE18',
157 verbose headers   vary: 'Accept-Encoding' }
158 silly get cb [ 200,
158 silly get   { server: 'nginx/1.10.1',
158 silly get     'content-type': 'application/json',
158 silly get     'last-modified': 'Sat, 06 Jun 2015 01:36:41 GMT',
158 silly get     etag: 'W/"55724ea9-15a2"',
158 silly get     'content-encoding': 'gzip',
158 silly get     'cache-control': 'max-age=300',
158 silly get     'content-length': '1816',
158 silly get     'accept-ranges': 'bytes',
158 silly get     date: 'Mon, 27 Mar 2017 20:53:12 GMT',
158 silly get     via: '1.1 varnish',
158 silly get     age: '0',
158 silly get     connection: 'keep-alive',
158 silly get     'x-served-by': 'cache-lcy1122-LCY',
158 silly get     'x-cache': 'MISS',
158 silly get     'x-cache-hits': '0',
158 silly get     'x-timer': 'S1490647992.420612,VS0,VE18',
158 silly get     vary: 'Accept-Encoding' } ]
159 verbose get saving hubot-redis-brain to C:\Users\ads\AppData\Roaming\npm-cache\registry.npmjs.org\hubot-redis-brain\.cache.json
160 verbose correctMkdir C:\Users\ads\AppData\Roaming\npm-cache correctMkdir already in flight; waiting
161 http 200 https://registry.npmjs.org/hubot-help
162 verbose headers { server: 'nginx/1.10.1',
162 verbose headers   'content-type': 'application/json',
162 verbose headers   'last-modified': 'Thu, 05 May 2016 19:24:22 GMT',
162 verbose headers   etag: 'W/"572b9de6-1bf4"',
162 verbose headers   'content-encoding': 'gzip',
162 verbose headers   'cache-control': 'max-age=300',
162 verbose headers   'content-length': '1522',
162 verbose headers   'accept-ranges': 'bytes',
162 verbose headers   date: 'Mon, 27 Mar 2017 20:53:12 GMT',
162 verbose headers   via: '1.1 varnish',
162 verbose headers   age: '0',
162 verbose headers   connection: 'keep-alive',
162 verbose headers   'x-served-by': 'cache-lhr6349-LHR',
162 verbose headers   'x-cache': 'HIT',
162 verbose headers   'x-cache-hits': '1',
162 verbose headers   'x-timer': 'S1490647992.424423,VS0,VE17',
162 verbose headers   vary: 'Accept-Encoding' }
163 silly get cb [ 200,
163 silly get   { server: 'nginx/1.10.1',
163 silly get     'content-type': 'application/json',
163 silly get     'last-modified': 'Thu, 05 May 2016 19:24:22 GMT',
163 silly get     etag: 'W/"572b9de6-1bf4"',
163 silly get     'content-encoding': 'gzip',
163 silly get     'cache-control': 'max-age=300',
163 silly get     'content-length': '1522',
163 silly get     'accept-ranges': 'bytes',
163 silly get     date: 'Mon, 27 Mar 2017 20:53:12 GMT',
163 silly get     via: '1.1 varnish',
163 silly get     age: '0',
163 silly get     connection: 'keep-alive',
163 silly get     'x-served-by': 'cache-lhr6349-LHR',
163 silly get     'x-cache': 'HIT',
163 silly get     'x-cache-hits': '1',
163 silly get     'x-timer': 'S1490647992.424423,VS0,VE17',
163 silly get     vary: 'Accept-Encoding' } ]
164 verbose get saving hubot-help to C:\Users\ads\AppData\Roaming\npm-cache\registry.npmjs.org\hubot-help\.cache.json
165 verbose correctMkdir C:\Users\ads\AppData\Roaming\npm-cache correctMkdir already in flight; waiting
166 http 200 https://registry.npmjs.org/hubot-diagnostics
167 verbose headers { server: 'nginx/1.10.1',
167 verbose headers   'content-type': 'application/json',
167 verbose headers   'last-modified': 'Sun, 02 Oct 2016 14:51:43 GMT',
167 verbose headers   etag: 'W/"57f11eff-a2b"',
167 verbose headers   'content-encoding': 'gzip',
167 verbose headers   'cache-control': 'max-age=300',
167 verbose headers   'content-length': '973',
167 verbose headers   'accept-ranges': 'bytes',
167 verbose headers   date: 'Mon, 27 Mar 2017 20:53:12 GMT',
167 verbose headers   via: '1.1 varnish',
167 verbose headers   age: '0',
167 verbose headers   connection: 'keep-alive',
167 verbose headers   'x-served-by': 'cache-lcy1139-LCY',
167 verbose headers   'x-cache': 'MISS',
167 verbose headers   'x-cache-hits': '0',
167 verbose headers   'x-timer': 'S1490647992.423867,VS0,VE19',
167 verbose headers   vary: 'Accept-Encoding' }
168 silly get cb [ 200,
168 silly get   { server: 'nginx/1.10.1',
168 silly get     'content-type': 'application/json',
168 silly get     'last-modified': 'Sun, 02 Oct 2016 14:51:43 GMT',
168 silly get     etag: 'W/"57f11eff-a2b"',
168 silly get     'content-encoding': 'gzip',
168 silly get     'cache-control': 'max-age=300',
168 silly get     'content-length': '973',
168 silly get     'accept-ranges': 'bytes',
168 silly get     date: 'Mon, 27 Mar 2017 20:53:12 GMT',
168 silly get     via: '1.1 varnish',
168 silly get     age: '0',
168 silly get     connection: 'keep-alive',
168 silly get     'x-served-by': 'cache-lcy1139-LCY',
168 silly get     'x-cache': 'MISS',
168 silly get     'x-cache-hits': '0',
168 silly get     'x-timer': 'S1490647992.423867,VS0,VE19',
168 silly get     vary: 'Accept-Encoding' } ]
169 verbose get saving hubot-diagnostics to C:\Users\ads\AppData\Roaming\npm-cache\registry.npmjs.org\hubot-diagnostics\.cache.json
170 verbose correctMkdir C:\Users\ads\AppData\Roaming\npm-cache correctMkdir already in flight; waiting
171 http 200 https://registry.npmjs.org/hubot-pugme
172 verbose headers { server: 'nginx/1.10.1',
172 verbose headers   'content-type': 'application/json',
172 verbose headers   'last-modified': 'Fri, 05 Jun 2015 18:22:24 GMT',
172 verbose headers   etag: 'W/"5571e8e0-b25"',
172 verbose headers   'content-encoding': 'gzip',
172 verbose headers   'cache-control': 'max-age=300',
172 verbose headers   'content-length': '1085',
172 verbose headers   'accept-ranges': 'bytes',
172 verbose headers   date: 'Mon, 27 Mar 2017 20:53:12 GMT',
172 verbose headers   via: '1.1 varnish',
172 verbose headers   age: '0',
172 verbose headers   connection: 'keep-alive',
172 verbose headers   'x-served-by': 'cache-lhr6338-LHR',
172 verbose headers   'x-cache': 'HIT',
172 verbose headers   'x-cache-hits': '1',
172 verbose headers   'x-timer': 'S1490647992.426382,VS0,VE17',
172 verbose headers   vary: 'Accept-Encoding' }
173 silly get cb [ 200,
173 silly get   { server: 'nginx/1.10.1',
173 silly get     'content-type': 'application/json',
173 silly get     'last-modified': 'Fri, 05 Jun 2015 18:22:24 GMT',
173 silly get     etag: 'W/"5571e8e0-b25"',
173 silly get     'content-encoding': 'gzip',
173 silly get     'cache-control': 'max-age=300',
173 silly get     'content-length': '1085',
173 silly get     'accept-ranges': 'bytes',
173 silly get     date: 'Mon, 27 Mar 2017 20:53:12 GMT',
173 silly get     via: '1.1 varnish',
173 silly get     age: '0',
173 silly get     connection: 'keep-alive',
173 silly get     'x-served-by': 'cache-lhr6338-LHR',
173 silly get     'x-cache': 'HIT',
173 silly get     'x-cache-hits': '1',
173 silly get     'x-timer': 'S1490647992.426382,VS0,VE17',
173 silly get     vary: 'Accept-Encoding' } ]
174 verbose get saving hubot-pugme to C:\Users\ads\AppData\Roaming\npm-cache\registry.npmjs.org\hubot-pugme\.cache.json
175 verbose correctMkdir C:\Users\ads\AppData\Roaming\npm-cache correctMkdir already in flight; waiting
176 http 200 https://registry.npmjs.org/hubot-google-images
177 verbose headers { server: 'nginx/1.10.1',
177 verbose headers   'content-type': 'application/json',
177 verbose headers   'last-modified': 'Mon, 07 Dec 2015 02:36:06 GMT',
177 verbose headers   etag: 'W/"5664f096-56b1"',
177 verbose headers   'content-encoding': 'gzip',
177 verbose headers   'cache-control': 'max-age=300',
177 verbose headers   'content-length': '3371',
177 verbose headers   'accept-ranges': 'bytes',
177 verbose headers   date: 'Mon, 27 Mar 2017 20:53:12 GMT',
177 verbose headers   via: '1.1 varnish',
177 verbose headers   age: '0',
177 verbose headers   connection: 'keep-alive',
177 verbose headers   'x-served-by': 'cache-lhr6346-LHR',
177 verbose headers   'x-cache': 'MISS',
177 verbose headers   'x-cache-hits': '0',
177 verbose headers   'x-timer': 'S1490647992.425340,VS0,VE17',
177 verbose headers   vary: 'Accept-Encoding' }
178 silly get cb [ 200,
178 silly get   { server: 'nginx/1.10.1',
178 silly get     'content-type': 'application/json',
178 silly get     'last-modified': 'Mon, 07 Dec 2015 02:36:06 GMT',
178 silly get     etag: 'W/"5664f096-56b1"',
178 silly get     'content-encoding': 'gzip',
178 silly get     'cache-control': 'max-age=300',
178 silly get     'content-length': '3371',
178 silly get     'accept-ranges': 'bytes',
178 silly get     date: 'Mon, 27 Mar 2017 20:53:12 GMT',
178 silly get     via: '1.1 varnish',
178 silly get     age: '0',
178 silly get     connection: 'keep-alive',
178 silly get     'x-served-by': 'cache-lhr6346-LHR',
178 silly get     'x-cache': 'MISS',
178 silly get     'x-cache-hits': '0',
178 silly get     'x-timer': 'S1490647992.425340,VS0,VE17',
178 silly get     vary: 'Accept-Encoding' } ]
179 verbose get saving hubot-google-images to C:\Users\ads\AppData\Roaming\npm-cache\registry.npmjs.org\hubot-google-images\.cache.json
180 verbose correctMkdir C:\Users\ads\AppData\Roaming\npm-cache correctMkdir not in flight; initializing
181 http 200 https://registry.npmjs.org/hubot-irc
182 verbose headers { server: 'nginx/1.10.1',
182 verbose headers   'content-type': 'application/json',
182 verbose headers   'last-modified': 'Fri, 16 Sep 2016 18:52:39 GMT',
182 verbose headers   etag: 'W/"57dc3f77-d2bd"',
182 verbose headers   'content-encoding': 'gzip',
182 verbose headers   'cache-control': 'max-age=300',
182 verbose headers   'content-length': '6457',
182 verbose headers   'accept-ranges': 'bytes',
182 verbose headers   date: 'Mon, 27 Mar 2017 20:53:12 GMT',
182 verbose headers   via: '1.1 varnish',
182 verbose headers   age: '0',
182 verbose headers   connection: 'keep-alive',
182 verbose headers   'x-served-by': 'cache-lcy1124-LCY',
182 verbose headers   'x-cache': 'MISS',
182 verbose headers   'x-cache-hits': '0',
182 verbose headers   'x-timer': 'S1490647992.423544,VS0,VE19',
182 verbose headers   vary: 'Accept-Encoding' }
183 silly get cb [ 200,
183 silly get   { server: 'nginx/1.10.1',
183 silly get     'content-type': 'application/json',
183 silly get     'last-modified': 'Fri, 16 Sep 2016 18:52:39 GMT',
183 silly get     etag: 'W/"57dc3f77-d2bd"',
183 silly get     'content-encoding': 'gzip',
183 silly get     'cache-control': 'max-age=300',
183 silly get     'content-length': '6457',
183 silly get     'accept-ranges': 'bytes',
183 silly get     date: 'Mon, 27 Mar 2017 20:53:12 GMT',
183 silly get     via: '1.1 varnish',
183 silly get     age: '0',
183 silly get     connection: 'keep-alive',
183 silly get     'x-served-by': 'cache-lcy1124-LCY',
183 silly get     'x-cache': 'MISS',
183 silly get     'x-cache-hits': '0',
183 silly get     'x-timer': 'S1490647992.423544,VS0,VE19',
183 silly get     vary: 'Accept-Encoding' } ]
184 verbose get saving hubot-irc to C:\Users\ads\AppData\Roaming\npm-cache\registry.npmjs.org\hubot-irc\.cache.json
185 verbose correctMkdir C:\Users\ads\AppData\Roaming\npm-cache correctMkdir not in flight; initializing
186 http 200 https://registry.npmjs.org/hubot-scripts
187 verbose headers { server: 'nginx/1.10.1',
187 verbose headers   'content-type': 'application/json',
187 verbose headers   'last-modified': 'Mon, 16 May 2016 15:24:21 GMT',
187 verbose headers   etag: 'W/"5739e625-106f6"',
187 verbose headers   'content-encoding': 'gzip',
187 verbose headers   'cache-control': 'max-age=300',
187 verbose headers   'content-length': '7202',
187 verbose headers   'accept-ranges': 'bytes',
187 verbose headers   date: 'Mon, 27 Mar 2017 20:53:12 GMT',
187 verbose headers   via: '1.1 varnish',
187 verbose headers   age: '0',
187 verbose headers   connection: 'keep-alive',
187 verbose headers   'x-served-by': 'cache-lcy1141-LCY',
187 verbose headers   'x-cache': 'MISS',
187 verbose headers   'x-cache-hits': '0',
187 verbose headers   'x-timer': 'S1490647992.418177,VS0,VE20',
187 verbose headers   vary: 'Accept-Encoding' }
188 silly get cb [ 200,
188 silly get   { server: 'nginx/1.10.1',
188 silly get     'content-type': 'application/json',
188 silly get     'last-modified': 'Mon, 16 May 2016 15:24:21 GMT',
188 silly get     etag: 'W/"5739e625-106f6"',
188 silly get     'content-encoding': 'gzip',
188 silly get     'cache-control': 'max-age=300',
188 silly get     'content-length': '7202',
188 silly get     'accept-ranges': 'bytes',
188 silly get     date: 'Mon, 27 Mar 2017 20:53:12 GMT',
188 silly get     via: '1.1 varnish',
188 silly get     age: '0',
188 silly get     connection: 'keep-alive',
188 silly get     'x-served-by': 'cache-lcy1141-LCY',
188 silly get     'x-cache': 'MISS',
188 silly get     'x-cache-hits': '0',
188 silly get     'x-timer': 'S1490647992.418177,VS0,VE20',
188 silly get     vary: 'Accept-Encoding' } ]
189 verbose get saving hubot-scripts to C:\Users\ads\AppData\Roaming\npm-cache\registry.npmjs.org\hubot-scripts\.cache.json
190 verbose correctMkdir C:\Users\ads\AppData\Roaming\npm-cache correctMkdir not in flight; initializing
191 http 200 https://registry.npmjs.org/hubot
192 verbose headers { server: 'nginx/1.10.1',
192 verbose headers   'content-type': 'application/json',
192 verbose headers   'last-modified': 'Mon, 06 Mar 2017 08:59:37 GMT',
192 verbose headers   etag: 'W/"58bd24f9-1836b"',
192 verbose headers   'content-encoding': 'gzip',
192 verbose headers   'cache-control': 'max-age=300',
192 verbose headers   'content-length': '8617',
192 verbose headers   'accept-ranges': 'bytes',
192 verbose headers   date: 'Mon, 27 Mar 2017 20:53:12 GMT',
192 verbose headers   via: '1.1 varnish',
192 verbose headers   age: '0',
192 verbose headers   connection: 'keep-alive',
192 verbose headers   'x-served-by': 'cache-lcy1146-LCY',
192 verbose headers   'x-cache': 'MISS',
192 verbose headers   'x-cache-hits': '0',
192 verbose headers   'x-timer': 'S1490647992.417005,VS0,VE19',
192 verbose headers   vary: 'Accept-Encoding' }
193 silly get cb [ 200,
193 silly get   { server: 'nginx/1.10.1',
193 silly get     'content-type': 'application/json',
193 silly get     'last-modified': 'Mon, 06 Mar 2017 08:59:37 GMT',
193 silly get     etag: 'W/"58bd24f9-1836b"',
193 silly get     'content-encoding': 'gzip',
193 silly get     'cache-control': 'max-age=300',
193 silly get     'content-length': '8617',
193 silly get     'accept-ranges': 'bytes',
193 silly get     date: 'Mon, 27 Mar 2017 20:53:12 GMT',
193 silly get     via: '1.1 varnish',
193 silly get     age: '0',
193 silly get     connection: 'keep-alive',
193 silly get     'x-served-by': 'cache-lcy1146-LCY',
193 silly get     'x-cache': 'MISS',
193 silly get     'x-cache-hits': '0',
193 silly get     'x-timer': 'S1490647992.417005,VS0,VE19',
193 silly get     vary: 'Accept-Encoding' } ]
194 verbose get saving hubot to C:\Users\ads\AppData\Roaming\npm-cache\registry.npmjs.org\hubot\.cache.json
195 verbose correctMkdir C:\Users\ads\AppData\Roaming\npm-cache correctMkdir not in flight; initializing
196 http 200 https://registry.npmjs.org/hubot-google-translate
197 verbose headers { server: 'nginx/1.10.1',
197 verbose headers   'content-type': 'application/json',
197 verbose headers   'last-modified': 'Fri, 05 Jun 2015 18:21:56 GMT',
197 verbose headers   etag: 'W/"5571e8c4-117e"',
197 verbose headers   'content-encoding': 'gzip',
197 verbose headers   'cache-control': 'max-age=300',
197 verbose headers   'content-length': '1224',
197 verbose headers   'accept-ranges': 'bytes',
197 verbose headers   date: 'Mon, 27 Mar 2017 20:53:12 GMT',
197 verbose headers   via: '1.1 varnish',
197 verbose headers   age: '0',
197 verbose headers   connection: 'keep-alive',
197 verbose headers   'x-served-by': 'cache-lcy1124-LCY',
197 verbose headers   'x-cache': 'MISS',
197 verbose headers   'x-cache-hits': '0',
197 verbose headers   'x-timer': 'S1490647992.419876,VS0,VE187',
197 verbose headers   vary: 'Accept-Encoding' }
198 silly get cb [ 200,
198 silly get   { server: 'nginx/1.10.1',
198 silly get     'content-type': 'application/json',
198 silly get     'last-modified': 'Fri, 05 Jun 2015 18:21:56 GMT',
198 silly get     etag: 'W/"5571e8c4-117e"',
198 silly get     'content-encoding': 'gzip',
198 silly get     'cache-control': 'max-age=300',
198 silly get     'content-length': '1224',
198 silly get     'accept-ranges': 'bytes',
198 silly get     date: 'Mon, 27 Mar 2017 20:53:12 GMT',
198 silly get     via: '1.1 varnish',
198 silly get     age: '0',
198 silly get     connection: 'keep-alive',
198 silly get     'x-served-by': 'cache-lcy1124-LCY',
198 silly get     'x-cache': 'MISS',
198 silly get     'x-cache-hits': '0',
198 silly get     'x-timer': 'S1490647992.419876,VS0,VE187',
198 silly get     vary: 'Accept-Encoding' } ]
199 verbose get saving hubot-google-translate to C:\Users\ads\AppData\Roaming\npm-cache\registry.npmjs.org\hubot-google-translate\.cache.json
200 verbose correctMkdir C:\Users\ads\AppData\Roaming\npm-cache correctMkdir not in flight; initializing
201 http 200 https://registry.npmjs.org/hubot-shipit
202 verbose headers { server: 'nginx/1.10.1',
202 verbose headers   'content-type': 'application/json',
202 verbose headers   'last-modified': 'Fri, 05 Jun 2015 18:22:49 GMT',
202 verbose headers   etag: 'W/"5571e8f9-18fb"',
202 verbose headers   'content-encoding': 'gzip',
202 verbose headers   'cache-control': 'max-age=300',
202 verbose headers   'content-length': '1374',
202 verbose headers   'accept-ranges': 'bytes',
202 verbose headers   date: 'Mon, 27 Mar 2017 20:53:12 GMT',
202 verbose headers   via: '1.1 varnish',
202 verbose headers   age: '0',
202 verbose headers   connection: 'keep-alive',
202 verbose headers   'x-served-by': 'cache-lcy1137-LCY',
202 verbose headers   'x-cache': 'MISS',
202 verbose headers   'x-cache-hits': '0',
202 verbose headers   'x-timer': 'S1490647992.419093,VS0,VE188',
202 verbose headers   vary: 'Accept-Encoding' }
203 silly get cb [ 200,
203 silly get   { server: 'nginx/1.10.1',
203 silly get     'content-type': 'application/json',
203 silly get     'last-modified': 'Fri, 05 Jun 2015 18:22:49 GMT',
203 silly get     etag: 'W/"5571e8f9-18fb"',
203 silly get     'content-encoding': 'gzip',
203 silly get     'cache-control': 'max-age=300',
203 silly get     'content-length': '1374',
203 silly get     'accept-ranges': 'bytes',
203 silly get     date: 'Mon, 27 Mar 2017 20:53:12 GMT',
203 silly get     via: '1.1 varnish',
203 silly get     age: '0',
203 silly get     connection: 'keep-alive',
203 silly get     'x-served-by': 'cache-lcy1137-LCY',
203 silly get     'x-cache': 'MISS',
203 silly get     'x-cache-hits': '0',
203 silly get     'x-timer': 'S1490647992.419093,VS0,VE188',
203 silly get     vary: 'Accept-Encoding' } ]
204 verbose get saving hubot-shipit to C:\Users\ads\AppData\Roaming\npm-cache\registry.npmjs.org\hubot-shipit\.cache.json
205 verbose correctMkdir C:\Users\ads\AppData\Roaming\npm-cache correctMkdir not in flight; initializing
206 http 200 https://registry.npmjs.org/hubot-rules
207 verbose headers { server: 'nginx/1.10.1',
207 verbose headers   'content-type': 'application/json',
207 verbose headers   'last-modified': 'Sat, 06 Jun 2015 02:47:39 GMT',
207 verbose headers   etag: 'W/"55725f4b-10b9"',
207 verbose headers   'content-encoding': 'gzip',
207 verbose headers   'cache-control': 'max-age=300',
207 verbose headers   'content-length': '1335',
207 verbose headers   'accept-ranges': 'bytes',
207 verbose headers   date: 'Mon, 27 Mar 2017 20:53:12 GMT',
207 verbose headers   via: '1.1 varnish',
207 verbose headers   age: '0',
207 verbose headers   connection: 'keep-alive',
207 verbose headers   'x-served-by': 'cache-lcy1129-LCY',
207 verbose headers   'x-cache': 'MISS',
207 verbose headers   'x-cache-hits': '0',
207 verbose headers   'x-timer': 'S1490647992.423975,VS0,VE183',
207 verbose headers   vary: 'Accept-Encoding' }
208 silly get cb [ 200,
208 silly get   { server: 'nginx/1.10.1',
208 silly get     'content-type': 'application/json',
208 silly get     'last-modified': 'Sat, 06 Jun 2015 02:47:39 GMT',
208 silly get     etag: 'W/"55725f4b-10b9"',
208 silly get     'content-encoding': 'gzip',
208 silly get     'cache-control': 'max-age=300',
208 silly get     'content-length': '1335',
208 silly get     'accept-ranges': 'bytes',
208 silly get     date: 'Mon, 27 Mar 2017 20:53:12 GMT',
208 silly get     via: '1.1 varnish',
208 silly get     age: '0',
208 silly get     connection: 'keep-alive',
208 silly get     'x-served-by': 'cache-lcy1129-LCY',
208 silly get     'x-cache': 'MISS',
208 silly get     'x-cache-hits': '0',
208 silly get     'x-timer': 'S1490647992.423975,VS0,VE183',
208 silly get     vary: 'Accept-Encoding' } ]
209 verbose get saving hubot-rules to C:\Users\ads\AppData\Roaming\npm-cache\registry.npmjs.org\hubot-rules\.cache.json
210 verbose correctMkdir C:\Users\ads\AppData\Roaming\npm-cache correctMkdir not in flight; initializing
211 http 200 https://registry.npmjs.org/hubot-maps
212 verbose headers { server: 'nginx/1.10.1',
212 verbose headers   'content-type': 'application/json',
212 verbose headers   'last-modified': 'Thu, 26 Mar 2015 18:24:09 GMT',
212 verbose headers   etag: 'W/"55144ec9-1089"',
212 verbose headers   'content-encoding': 'gzip',
212 verbose headers   'cache-control': 'max-age=300',
212 verbose headers   'content-length': '1214',
212 verbose headers   'accept-ranges': 'bytes',
212 verbose headers   date: 'Mon, 27 Mar 2017 20:53:12 GMT',
212 verbose headers   via: '1.1 varnish',
212 verbose headers   age: '0',
212 verbose headers   connection: 'keep-alive',
212 verbose headers   'x-served-by': 'cache-lcy1121-LCY',
212 verbose headers   'x-cache': 'MISS',
212 verbose headers   'x-cache-hits': '0',
212 verbose headers   'x-timer': 'S1490647992.419733,VS0,VE188',
212 verbose headers   vary: 'Accept-Encoding' }
213 silly get cb [ 200,
213 silly get   { server: 'nginx/1.10.1',
213 silly get     'content-type': 'application/json',
213 silly get     'last-modified': 'Thu, 26 Mar 2015 18:24:09 GMT',
213 silly get     etag: 'W/"55144ec9-1089"',
213 silly get     'content-encoding': 'gzip',
213 silly get     'cache-control': 'max-age=300',
213 silly get     'content-length': '1214',
213 silly get     'accept-ranges': 'bytes',
213 silly get     date: 'Mon, 27 Mar 2017 20:53:12 GMT',
213 silly get     via: '1.1 varnish',
213 silly get     age: '0',
213 silly get     connection: 'keep-alive',
213 silly get     'x-served-by': 'cache-lcy1121-LCY',
213 silly get     'x-cache': 'MISS',
213 silly get     'x-cache-hits': '0',
213 silly get     'x-timer': 'S1490647992.419733,VS0,VE188',
213 silly get     vary: 'Accept-Encoding' } ]
214 verbose get saving hubot-maps to C:\Users\ads\AppData\Roaming\npm-cache\registry.npmjs.org\hubot-maps\.cache.json
215 verbose correctMkdir C:\Users\ads\AppData\Roaming\npm-cache correctMkdir not in flight; initializing
216 silly install normalizeTree
217 silly loadCurrentTree Finishing
218 silly loadIdealTree Starting
219 silly install loadIdealTree
220 silly cloneCurrentTree Starting
221 silly install cloneCurrentTreeToIdealTree
222 silly cloneCurrentTree Finishing
223 silly loadShrinkwrap Starting
224 silly install loadShrinkwrap
225 silly loadShrinkwrap Finishing
226 silly loadAllDepsIntoIdealTree Starting
227 silly install loadAllDepsIntoIdealTree
228 silly rollbackFailedOptional Starting
229 silly rollbackFailedOptional Finishing
230 silly runTopLevelLifecycles Finishing
231 silly install printInstalled
232 verbose stack Error: Refusing to install package with name "hubot" under a package
232 verbose stack also called "hubot". Did you name your project the same
232 verbose stack as the dependency you're installing?
232 verbose stack
232 verbose stack For more information, see:
232 verbose stack     <https://docs.npmjs.com/cli/install#limitations-of-npms-install-algorithm>
232 verbose stack     at checkSelf (C:\Program Files\nodejs\node_modules\npm\lib\install\validate-args.js:53:14)
232 verbose stack     at Array.<anonymous> (C:\Program Files\nodejs\node_modules\npm\node_modules\slide\lib\bind-actor.js:15:8)
232 verbose stack     at LOOP (C:\Program Files\nodejs\node_modules\npm\node_modules\slide\lib\chain.js:15:14)
232 verbose stack     at chain (C:\Program Files\nodejs\node_modules\npm\node_modules\slide\lib\chain.js:20:5)
232 verbose stack     at C:\Program Files\nodejs\node_modules\npm\lib\install\validate-args.js:16:5
232 verbose stack     at C:\Program Files\nodejs\node_modules\npm\node_modules\slide\lib\async-map.js:52:35
232 verbose stack     at Array.forEach (native)
232 verbose stack     at C:\Program Files\nodejs\node_modules\npm\node_modules\slide\lib\async-map.js:52:11
232 verbose stack     at Array.forEach (native)
232 verbose stack     at asyncMap (C:\Program Files\nodejs\node_modules\npm\node_modules\slide\lib\async-map.js:51:8)
233 verbose cwd E:\_git\hubot
234 error Windows_NT 6.1.7601
235 error argv "C:\\Program Files\\nodejs\\node.exe" "C:\\Program Files\\nodejs\\node_modules\\npm\\bin\\npm-cli.js" "install" "hubot" "hubot-scripts" "hubot-diagnostics" "hubot-help" "hubot-heroku-keepalive" "hubot-google-images" "hubot-google-translate" "hubot-pugme" "hubot-maps" "hubot-redis-brain" "hubot-rules" "hubot-shipit" "hubot-irc" "--save"
236 error node v7.7.4
237 error npm  v4.1.2
238 error code ENOSELF
239 error Refusing to install package with name "hubot" under a package
239 error also called "hubot". Did you name your project the same
239 error as the dependency you're installing?
239 error
239 error For more information, see:
239 error     <https://docs.npmjs.com/cli/install#limitations-of-npms-install-algorithm>
240 error If you need help, you may report this error at:
240 error     <https://github.com/npm/npm/issues>
241 verbose exit [ 1, true ]
